E:\MY_GIT_REPO\MISCTESTS\CMAKEFILEDEMO\BUILD\CMAKEFILES\GENERATE.STAMP
E:\MY_GIT_REPO\MISCTESTS\CMAKEFILEDEMO\BUILD\DEBUG\TUTORIAL.EXE
E:\MY_GIT_REPO\MISCTESTS\CMAKEFILEDEMO\BUILD\DEBUG\TUTORIAL.ILK
E:\MY_GIT_REPO\MISCTESTS\CMAKEFILEDEMO\BUILD\DEBUG\TUTORIAL.PDB
E:\my_git_repo\miscTests\cmakefiledemo\build\Tutorial.dir\Debug\cl.command.1.tlog
E:\my_git_repo\miscTests\cmakefiledemo\build\Tutorial.dir\Debug\CL.read.1.tlog
E:\my_git_repo\miscTests\cmakefiledemo\build\Tutorial.dir\Debug\CL.write.1.tlog
E:\my_git_repo\miscTests\cmakefiledemo\build\Tutorial.dir\Debug\custombuild.command.1.tlog
E:\my_git_repo\miscTests\cmakefiledemo\build\Tutorial.dir\Debug\custombuild.read.1.tlog
E:\my_git_repo\miscTests\cmakefiledemo\build\Tutorial.dir\Debug\custombuild.write.1.tlog
E:\my_git_repo\miscTests\cmakefiledemo\build\Tutorial.dir\Debug\link.2832.read.1.tlog
E:\my_git_repo\miscTests\cmakefiledemo\build\Tutorial.dir\Debug\link.2832.write.1.tlog
E:\my_git_repo\miscTests\cmakefiledemo\build\Tutorial.dir\Debug\link.2832-cvtres.read.1.tlog
E:\my_git_repo\miscTests\cmakefiledemo\build\Tutorial.dir\Debug\link.2832-cvtres.write.1.tlog
E:\my_git_repo\miscTests\cmakefiledemo\build\Tutorial.dir\Debug\link.command.1.tlog
E:\my_git_repo\miscTests\cmakefiledemo\build\Tutorial.dir\Debug\link.read.1.tlog
E:\my_git_repo\miscTests\cmakefiledemo\build\Tutorial.dir\Debug\link.write.1.tlog
E:\my_git_repo\miscTests\cmakefiledemo\build\Tutorial.dir\Debug\link-cvtres.read.1.tlog
E:\my_git_repo\miscTests\cmakefiledemo\build\Tutorial.dir\Debug\link-cvtres.write.1.tlog
E:\my_git_repo\miscTests\cmakefiledemo\build\Tutorial.dir\Debug\mt.command.1.tlog
E:\my_git_repo\miscTests\cmakefiledemo\build\Tutorial.dir\Debug\mt.read.1.tlog
E:\my_git_repo\miscTests\cmakefiledemo\build\Tutorial.dir\Debug\mt.write.1.tlog
E:\my_git_repo\miscTests\cmakefiledemo\build\Tutorial.dir\Debug\rc.command.1.tlog
E:\my_git_repo\miscTests\cmakefiledemo\build\Tutorial.dir\Debug\rc.read.1.tlog
E:\my_git_repo\miscTests\cmakefiledemo\build\Tutorial.dir\Debug\rc.write.1.tlog
E:\MY_GIT_REPO\MISCTESTS\CMAKEFILEDEMO\BUILD\TUTORIAL.DIR\DEBUG\TUTORIAL.EXE.EMBED.MANIFEST
E:\MY_GIT_REPO\MISCTESTS\CMAKEFILEDEMO\BUILD\TUTORIAL.DIR\DEBUG\TUTORIAL.EXE.EMBED.MANIFEST.RES
E:\MY_GIT_REPO\MISCTESTS\CMAKEFILEDEMO\BUILD\TUTORIAL.DIR\DEBUG\TUTORIAL.EXE.INTERMEDIATE.MANIFEST
E:\MY_GIT_REPO\MISCTESTS\CMAKEFILEDEMO\BUILD\TUTORIAL.DIR\DEBUG\TUTORIAL.OBJ
E:\my_git_repo\miscTests\cmakefiledemo\build\Tutorial.dir\Debug\Tutorial.write.1.tlog
E:\my_git_repo\miscTests\cmakefiledemo\build\Tutorial.dir\Debug\Tutorial_manifest.rc
E:\MY_GIT_REPO\MISCTESTS\CMAKEFILEDEMO\BUILD\TUTORIAL.DIR\DEBUG\VC100.PDB
